<?xml version="1.0" encoding="UTF-8"?>
<testsuite xmlns:xsi="http://www.w3.org/2001/XMLSchema-instance" xsi:noNamespaceSchemaLocation="https://maven.apache.org/surefire/maven-surefire-plugin/xsd/surefire-test-report-3.0.xsd" version="3.0" name="Desktop Checkout for Guest User - Feature 1 #1" time="93.394" tests="1" errors="0" skipped="0" failures="0">
  <properties>
    <property name="sun.desktop" value="windows"/>
    <property name="awt.toolkit" value="sun.awt.windows.WToolkit"/>
    <property name="file.encoding.pkg" value="sun.io"/>
    <property name="java.specification.version" value="1.8"/>
    <property name="webdriver.chrome.driver" value="C:\Users\Mykola_Kinkolykh\.cache\selenium\chromedriver\win32\88.0.4324.96\chromedriver.exe"/>
    <property name="sun.cpu.isalist" value="amd64"/>
    <property name="sun.jnu.encoding" value="Cp1251"/>
    <property name="java.class.path" value="C:\New folder\hellocucumber\target\test-classes;C:\New folder\hellocucumber\target\classes;C:\Users\Mykola_Kinkolykh\.m2\repository\io\cucumber\cucumber-java\6.8.1\cucumber-java-6.8.1.jar;C:\Users\Mykola_Kinkolykh\.m2\repository\io\cucumber\cucumber-core\6.8.1\cucumber-core-6.8.1.jar;C:\Users\Mykola_Kinkolykh\.m2\repository\io\cucumber\cucumber-gherkin\6.8.1\cucumber-gherkin-6.8.1.jar;C:\Users\Mykola_Kinkolykh\.m2\repository\io\cucumber\cucumber-gherkin-messages\6.8.1\cucumber-gherkin-messages-6.8.1.jar;C:\Users\Mykola_Kinkolykh\.m2\repository\io\cucumber\messages\13.1.0\messages-13.1.0.jar;C:\Users\Mykola_Kinkolykh\.m2\repository\io\cucumber\tag-expressions\3.0.0\tag-expressions-3.0.0.jar;C:\Users\Mykola_Kinkolykh\.m2\repository\io\cucumber\cucumber-expressions\10.3.0\cucumber-expressions-10.3.0.jar;C:\Users\Mykola_Kinkolykh\.m2\repository\io\cucumber\datatable\3.5.0\datatable-3.5.0.jar;C:\Users\Mykola_Kinkolykh\.m2\repository\io\cucumber\cucumber-plugin\6.8.1\cucumber-plugin-6.8.1.jar;C:\Users\Mykola_Kinkolykh\.m2\repository\io\cucumber\docstring\6.8.1\docstring-6.8.1.jar;C:\Users\Mykola_Kinkolykh\.m2\repository\io\cucumber\html-formatter\9.0.0\html-formatter-9.0.0.jar;C:\Users\Mykola_Kinkolykh\.m2\repository\io\cucumber\create-meta\2.0.2\create-meta-2.0.2.jar;C:\Users\Mykola_Kinkolykh\.m2\repository\org\apiguardian\apiguardian-api\1.1.0\apiguardian-api-1.1.0.jar;C:\Users\Mykola_Kinkolykh\.m2\repository\io\cucumber\cucumber-junit\6.8.1\cucumber-junit-6.8.1.jar;C:\Users\Mykola_Kinkolykh\.m2\repository\junit\junit\4.13\junit-4.13.jar;C:\Users\Mykola_Kinkolykh\.m2\repository\org\hamcrest\hamcrest-core\1.3\hamcrest-core-1.3.jar;C:\Users\Mykola_Kinkolykh\.m2\repository\org\assertj\assertj-core\3.18.1\assertj-core-3.18.1.jar;C:\Users\Mykola_Kinkolykh\.m2\repository\org\apache\commons\commons-lang3\3.11\commons-lang3-3.11.jar;C:\Users\Mykola_Kinkolykh\.m2\repository\io\github\bonigarcia\webdrivermanager\4.3.1\webdrivermanager-4.3.1.jar;C:\Users\Mykola_Kinkolykh\.m2\repository\org\slf4j\slf4j-api\1.7.30\slf4j-api-1.7.30.jar;C:\Users\Mykola_Kinkolykh\.m2\repository\commons-io\commons-io\2.8.0\commons-io-2.8.0.jar;C:\Users\Mykola_Kinkolykh\.m2\repository\com\google\code\gson\gson\2.8.6\gson-2.8.6.jar;C:\Users\Mykola_Kinkolykh\.m2\repository\org\apache\httpcomponents\client5\httpclient5\5.0.3\httpclient5-5.0.3.jar;C:\Users\Mykola_Kinkolykh\.m2\repository\org\apache\httpcomponents\core5\httpcore5\5.0.2\httpcore5-5.0.2.jar;C:\Users\Mykola_Kinkolykh\.m2\repository\org\apache\httpcomponents\core5\httpcore5-h2\5.0.2\httpcore5-h2-5.0.2.jar;C:\Users\Mykola_Kinkolykh\.m2\repository\commons-codec\commons-codec\1.13\commons-codec-1.13.jar;C:\Users\Mykola_Kinkolykh\.m2\repository\org\rauschig\jarchivelib\1.1.0\jarchivelib-1.1.0.jar;C:\Users\Mykola_Kinkolykh\.m2\repository\org\apache\commons\commons-compress\1.20\commons-compress-1.20.jar;C:\Users\Mykola_Kinkolykh\.m2\repository\org\jsoup\jsoup\1.13.1\jsoup-1.13.1.jar;C:\Users\Mykola_Kinkolykh\.m2\repository\com\codeborne\selenide\5.18.0\selenide-5.18.0.jar;C:\Users\Mykola_Kinkolykh\.m2\repository\org\seleniumhq\selenium\selenium-java\3.141.59\selenium-java-3.141.59.jar;C:\Users\Mykola_Kinkolykh\.m2\repository\org\seleniumhq\selenium\selenium-api\3.141.59\selenium-api-3.141.59.jar;C:\Users\Mykola_Kinkolykh\.m2\repository\org\seleniumhq\selenium\selenium-chrome-driver\3.141.59\selenium-chrome-driver-3.141.59.jar;C:\Users\Mykola_Kinkolykh\.m2\repository\org\seleniumhq\selenium\selenium-edge-driver\3.141.59\selenium-edge-driver-3.141.59.jar;C:\Users\Mykola_Kinkolykh\.m2\repository\org\seleniumhq\selenium\selenium-firefox-driver\3.141.59\selenium-firefox-driver-3.141.59.jar;C:\Users\Mykola_Kinkolykh\.m2\repository\org\seleniumhq\selenium\selenium-ie-driver\3.141.59\selenium-ie-driver-3.141.59.jar;C:\Users\Mykola_Kinkolykh\.m2\repository\org\seleniumhq\selenium\selenium-opera-driver\3.141.59\selenium-opera-driver-3.141.59.jar;C:\Users\Mykola_Kinkolykh\.m2\repository\org\seleniumhq\selenium\selenium-remote-driver\3.141.59\selenium-remote-driver-3.141.59.jar;C:\Users\Mykola_Kinkolykh\.m2\repository\org\seleniumhq\selenium\selenium-safari-driver\3.141.59\selenium-safari-driver-3.141.59.jar;C:\Users\Mykola_Kinkolykh\.m2\repository\org\seleniumhq\selenium\selenium-support\3.141.59\selenium-support-3.141.59.jar;C:\Users\Mykola_Kinkolykh\.m2\repository\org\apache\commons\commons-exec\1.3\commons-exec-1.3.jar;C:\Users\Mykola_Kinkolykh\.m2\repository\com\squareup\okhttp3\okhttp\3.11.0\okhttp-3.11.0.jar;C:\Users\Mykola_Kinkolykh\.m2\repository\com\squareup\okio\okio\1.14.0\okio-1.14.0.jar;C:\Users\Mykola_Kinkolykh\.m2\repository\com\google\guava\guava\30.1-jre\guava-30.1-jre.jar;C:\Users\Mykola_Kinkolykh\.m2\repository\com\google\guava\failureaccess\1.0.1\failureaccess-1.0.1.jar;C:\Users\Mykola_Kinkolykh\.m2\repository\com\google\guava\listenablefuture\9999.0-empty-to-avoid-conflict-with-guava\listenablefuture-9999.0-empty-to-avoid-conflict-with-guava.jar;C:\Users\Mykola_Kinkolykh\.m2\repository\com\google\code\findbugs\jsr305\3.0.2\jsr305-3.0.2.jar;C:\Users\Mykola_Kinkolykh\.m2\repository\org\checkerframework\checker-qual\3.5.0\checker-qual-3.5.0.jar;C:\Users\Mykola_Kinkolykh\.m2\repository\com\google\errorprone\error_prone_annotations\2.3.4\error_prone_annotations-2.3.4.jar;C:\Users\Mykola_Kinkolykh\.m2\repository\com\google\j2objc\j2objc-annotations\1.3\j2objc-annotations-1.3.jar;C:\Users\Mykola_Kinkolykh\.m2\repository\com\fasterxml\jackson\datatype\jackson-datatype-jdk8\2.12.0\jackson-datatype-jdk8-2.12.0.jar;C:\Users\Mykola_Kinkolykh\.m2\repository\com\fasterxml\jackson\core\jackson-core\2.12.0\jackson-core-2.12.0.jar;C:\Users\Mykola_Kinkolykh\.m2\repository\com\fasterxml\jackson\core\jackson-databind\2.12.0\jackson-databind-2.12.0.jar;C:\Users\Mykola_Kinkolykh\.m2\repository\com\fasterxml\jackson\datatype\jackson-datatype-jsr310\2.12.0\jackson-datatype-jsr310-2.12.0.jar;C:\Users\Mykola_Kinkolykh\.m2\repository\com\fasterxml\jackson\core\jackson-annotations\2.12.0\jackson-annotations-2.12.0.jar;C:\Users\Mykola_Kinkolykh\.m2\repository\org\apache\commons\commons-configuration2\2.7\commons-configuration2-2.7.jar;C:\Users\Mykola_Kinkolykh\.m2\repository\org\apache\commons\commons-text\1.8\commons-text-1.8.jar;C:\Users\Mykola_Kinkolykh\.m2\repository\commons-logging\commons-logging\1.2\commons-logging-1.2.jar;"/>
    <property name="java.vm.vendor" value="Oracle Corporation"/>
    <property name="sun.arch.data.model" value="64"/>
    <property name="user.variant" value=""/>
    <property name="java.vendor.url" value="http://java.oracle.com/"/>
    <property name="user.timezone" value="Europe/Helsinki"/>
    <property name="java.vm.specification.version" value="1.8"/>
    <property name="os.name" value="Windows 10"/>
    <property name="user.country" value="US"/>
    <property name="sun.java.launcher" value="SUN_STANDARD"/>
    <property name="sun.boot.library.path" value="C:\Program Files\Java\jdk1.8.0_271\jre\bin"/>
    <property name="sun.java.command" value="C:\Users\Mykola_Kinkolykh\AppData\Local\Temp\surefire1325970670124063135\surefirebooter9083135997405611022.jar C:\Users\Mykola_Kinkolykh\AppData\Local\Temp\surefire1325970670124063135 2021-02-05T08-21-26_576-jvmRun1 surefire2228370093345771438tmp surefire_0462220832794724491tmp"/>
    <property name="surefire.test.class.path" value="C:\New folder\hellocucumber\target\test-classes;C:\New folder\hellocucumber\target\classes;C:\Users\Mykola_Kinkolykh\.m2\repository\io\cucumber\cucumber-java\6.8.1\cucumber-java-6.8.1.jar;C:\Users\Mykola_Kinkolykh\.m2\repository\io\cucumber\cucumber-core\6.8.1\cucumber-core-6.8.1.jar;C:\Users\Mykola_Kinkolykh\.m2\repository\io\cucumber\cucumber-gherkin\6.8.1\cucumber-gherkin-6.8.1.jar;C:\Users\Mykola_Kinkolykh\.m2\repository\io\cucumber\cucumber-gherkin-messages\6.8.1\cucumber-gherkin-messages-6.8.1.jar;C:\Users\Mykola_Kinkolykh\.m2\repository\io\cucumber\messages\13.1.0\messages-13.1.0.jar;C:\Users\Mykola_Kinkolykh\.m2\repository\io\cucumber\tag-expressions\3.0.0\tag-expressions-3.0.0.jar;C:\Users\Mykola_Kinkolykh\.m2\repository\io\cucumber\cucumber-expressions\10.3.0\cucumber-expressions-10.3.0.jar;C:\Users\Mykola_Kinkolykh\.m2\repository\io\cucumber\datatable\3.5.0\datatable-3.5.0.jar;C:\Users\Mykola_Kinkolykh\.m2\repository\io\cucumber\cucumber-plugin\6.8.1\cucumber-plugin-6.8.1.jar;C:\Users\Mykola_Kinkolykh\.m2\repository\io\cucumber\docstring\6.8.1\docstring-6.8.1.jar;C:\Users\Mykola_Kinkolykh\.m2\repository\io\cucumber\html-formatter\9.0.0\html-formatter-9.0.0.jar;C:\Users\Mykola_Kinkolykh\.m2\repository\io\cucumber\create-meta\2.0.2\create-meta-2.0.2.jar;C:\Users\Mykola_Kinkolykh\.m2\repository\org\apiguardian\apiguardian-api\1.1.0\apiguardian-api-1.1.0.jar;C:\Users\Mykola_Kinkolykh\.m2\repository\io\cucumber\cucumber-junit\6.8.1\cucumber-junit-6.8.1.jar;C:\Users\Mykola_Kinkolykh\.m2\repository\junit\junit\4.13\junit-4.13.jar;C:\Users\Mykola_Kinkolykh\.m2\repository\org\hamcrest\hamcrest-core\1.3\hamcrest-core-1.3.jar;C:\Users\Mykola_Kinkolykh\.m2\repository\org\assertj\assertj-core\3.18.1\assertj-core-3.18.1.jar;C:\Users\Mykola_Kinkolykh\.m2\repository\org\apache\commons\commons-lang3\3.11\commons-lang3-3.11.jar;C:\Users\Mykola_Kinkolykh\.m2\repository\io\github\bonigarcia\webdrivermanager\4.3.1\webdrivermanager-4.3.1.jar;C:\Users\Mykola_Kinkolykh\.m2\repository\org\slf4j\slf4j-api\1.7.30\slf4j-api-1.7.30.jar;C:\Users\Mykola_Kinkolykh\.m2\repository\commons-io\commons-io\2.8.0\commons-io-2.8.0.jar;C:\Users\Mykola_Kinkolykh\.m2\repository\com\google\code\gson\gson\2.8.6\gson-2.8.6.jar;C:\Users\Mykola_Kinkolykh\.m2\repository\org\apache\httpcomponents\client5\httpclient5\5.0.3\httpclient5-5.0.3.jar;C:\Users\Mykola_Kinkolykh\.m2\repository\org\apache\httpcomponents\core5\httpcore5\5.0.2\httpcore5-5.0.2.jar;C:\Users\Mykola_Kinkolykh\.m2\repository\org\apache\httpcomponents\core5\httpcore5-h2\5.0.2\httpcore5-h2-5.0.2.jar;C:\Users\Mykola_Kinkolykh\.m2\repository\commons-codec\commons-codec\1.13\commons-codec-1.13.jar;C:\Users\Mykola_Kinkolykh\.m2\repository\org\rauschig\jarchivelib\1.1.0\jarchivelib-1.1.0.jar;C:\Users\Mykola_Kinkolykh\.m2\repository\org\apache\commons\commons-compress\1.20\commons-compress-1.20.jar;C:\Users\Mykola_Kinkolykh\.m2\repository\org\jsoup\jsoup\1.13.1\jsoup-1.13.1.jar;C:\Users\Mykola_Kinkolykh\.m2\repository\com\codeborne\selenide\5.18.0\selenide-5.18.0.jar;C:\Users\Mykola_Kinkolykh\.m2\repository\org\seleniumhq\selenium\selenium-java\3.141.59\selenium-java-3.141.59.jar;C:\Users\Mykola_Kinkolykh\.m2\repository\org\seleniumhq\selenium\selenium-api\3.141.59\selenium-api-3.141.59.jar;C:\Users\Mykola_Kinkolykh\.m2\repository\org\seleniumhq\selenium\selenium-chrome-driver\3.141.59\selenium-chrome-driver-3.141.59.jar;C:\Users\Mykola_Kinkolykh\.m2\repository\org\seleniumhq\selenium\selenium-edge-driver\3.141.59\selenium-edge-driver-3.141.59.jar;C:\Users\Mykola_Kinkolykh\.m2\repository\org\seleniumhq\selenium\selenium-firefox-driver\3.141.59\selenium-firefox-driver-3.141.59.jar;C:\Users\Mykola_Kinkolykh\.m2\repository\org\seleniumhq\selenium\selenium-ie-driver\3.141.59\selenium-ie-driver-3.141.59.jar;C:\Users\Mykola_Kinkolykh\.m2\repository\org\seleniumhq\selenium\selenium-opera-driver\3.141.59\selenium-opera-driver-3.141.59.jar;C:\Users\Mykola_Kinkolykh\.m2\repository\org\seleniumhq\selenium\selenium-remote-driver\3.141.59\selenium-remote-driver-3.141.59.jar;C:\Users\Mykola_Kinkolykh\.m2\repository\org\seleniumhq\selenium\selenium-safari-driver\3.141.59\selenium-safari-driver-3.141.59.jar;C:\Users\Mykola_Kinkolykh\.m2\repository\org\seleniumhq\selenium\selenium-support\3.141.59\selenium-support-3.141.59.jar;C:\Users\Mykola_Kinkolykh\.m2\repository\org\apache\commons\commons-exec\1.3\commons-exec-1.3.jar;C:\Users\Mykola_Kinkolykh\.m2\repository\com\squareup\okhttp3\okhttp\3.11.0\okhttp-3.11.0.jar;C:\Users\Mykola_Kinkolykh\.m2\repository\com\squareup\okio\okio\1.14.0\okio-1.14.0.jar;C:\Users\Mykola_Kinkolykh\.m2\repository\com\google\guava\guava\30.1-jre\guava-30.1-jre.jar;C:\Users\Mykola_Kinkolykh\.m2\repository\com\google\guava\failureaccess\1.0.1\failureaccess-1.0.1.jar;C:\Users\Mykola_Kinkolykh\.m2\repository\com\google\guava\listenablefuture\9999.0-empty-to-avoid-conflict-with-guava\listenablefuture-9999.0-empty-to-avoid-conflict-with-guava.jar;C:\Users\Mykola_Kinkolykh\.m2\repository\com\google\code\findbugs\jsr305\3.0.2\jsr305-3.0.2.jar;C:\Users\Mykola_Kinkolykh\.m2\repository\org\checkerframework\checker-qual\3.5.0\checker-qual-3.5.0.jar;C:\Users\Mykola_Kinkolykh\.m2\repository\com\google\errorprone\error_prone_annotations\2.3.4\error_prone_annotations-2.3.4.jar;C:\Users\Mykola_Kinkolykh\.m2\repository\com\google\j2objc\j2objc-annotations\1.3\j2objc-annotations-1.3.jar;C:\Users\Mykola_Kinkolykh\.m2\repository\com\fasterxml\jackson\datatype\jackson-datatype-jdk8\2.12.0\jackson-datatype-jdk8-2.12.0.jar;C:\Users\Mykola_Kinkolykh\.m2\repository\com\fasterxml\jackson\core\jackson-core\2.12.0\jackson-core-2.12.0.jar;C:\Users\Mykola_Kinkolykh\.m2\repository\com\fasterxml\jackson\core\jackson-databind\2.12.0\jackson-databind-2.12.0.jar;C:\Users\Mykola_Kinkolykh\.m2\repository\com\fasterxml\jackson\datatype\jackson-datatype-jsr310\2.12.0\jackson-datatype-jsr310-2.12.0.jar;C:\Users\Mykola_Kinkolykh\.m2\repository\com\fasterxml\jackson\core\jackson-annotations\2.12.0\jackson-annotations-2.12.0.jar;C:\Users\Mykola_Kinkolykh\.m2\repository\org\apache\commons\commons-configuration2\2.7\commons-configuration2-2.7.jar;C:\Users\Mykola_Kinkolykh\.m2\repository\org\apache\commons\commons-text\1.8\commons-text-1.8.jar;C:\Users\Mykola_Kinkolykh\.m2\repository\commons-logging\commons-logging\1.2\commons-logging-1.2.jar;"/>
    <property name="sun.cpu.endian" value="little"/>
    <property name="user.home" value="C:\Users\Mykola_Kinkolykh"/>
    <property name="user.language" value="en"/>
    <property name="thread.count" value="4"/>
    <property name="java.specification.vendor" value="Oracle Corporation"/>
    <property name="java.home" value="C:\Program Files\Java\jdk1.8.0_271\jre"/>
    <property name="basedir" value="C:\New folder\hellocucumber"/>
    <property name="file.separator" value="\"/>
    <property name="line.separator" value="&#10;"/>
    <property name="java.vm.specification.vendor" value="Oracle Corporation"/>
    <property name="java.specification.name" value="Java Platform API Specification"/>
    <property name="java.awt.graphicsenv" value="sun.awt.Win32GraphicsEnvironment"/>
    <property name="selenium.browser" value="Chrome"/>
    <property name="surefire.real.class.path" value="C:\Users\Mykola_Kinkolykh\AppData\Local\Temp\surefire1325970670124063135\surefirebooter9083135997405611022.jar"/>
    <property name="sun.boot.class.path" value="C:\Program Files\Java\jdk1.8.0_271\jre\lib\resources.jar;C:\Program Files\Java\jdk1.8.0_271\jre\lib\rt.jar;C:\Program Files\Java\jdk1.8.0_271\jre\lib\sunrsasign.jar;C:\Program Files\Java\jdk1.8.0_271\jre\lib\jsse.jar;C:\Program Files\Java\jdk1.8.0_271\jre\lib\jce.jar;C:\Program Files\Java\jdk1.8.0_271\jre\lib\charsets.jar;C:\Program Files\Java\jdk1.8.0_271\jre\lib\jfr.jar;C:\Program Files\Java\jdk1.8.0_271\jre\classes"/>
    <property name="user.script" value=""/>
    <property name="sun.management.compiler" value="HotSpot 64-Bit Tiered Compilers"/>
    <property name="java.runtime.version" value="1.8.0_271-b09"/>
    <property name="user.name" value="Mykola_Kinkolykh"/>
    <property name="path.separator" value=";"/>
    <property name="os.version" value="10.0"/>
    <property name="java.endorsed.dirs" value="C:\Program Files\Java\jdk1.8.0_271\jre\lib\endorsed"/>
    <property name="java.runtime.name" value="Java(TM) SE Runtime Environment"/>
    <property name="file.encoding" value="Cp1251"/>
    <property name="java.vm.name" value="Java HotSpot(TM) 64-Bit Server VM"/>
    <property name="localRepository" value="C:\Users\Mykola_Kinkolykh\.m2\repository"/>
    <property name="java.vendor.url.bug" value="http://bugreport.sun.com/bugreport/"/>
    <property name="java.io.tmpdir" value="C:\Users\MYKOLA~1\AppData\Local\Temp\"/>
    <property name="java.version" value="1.8.0_271"/>
    <property name="user.dir" value="C:\New folder\hellocucumber"/>
    <property name="os.arch" value="amd64"/>
    <property name="java.vm.specification.name" value="Java Virtual Machine Specification"/>
    <property name="java.awt.printerjob" value="sun.awt.windows.WPrinterJob"/>
    <property name="sun.os.patch.level" value=""/>
    <property name="java.library.path" value="C:\Program Files\Java\jdk1.8.0_271\jre\bin;C:\WINDOWS\Sun\Java\bin;C:\WINDOWS\system32;C:\WINDOWS;C:\Program Files (x86)\Common Files\Oracle\Java\javapath;C:\WINDOWS\system32;C:\WINDOWS;C:\WINDOWS\System32\Wbem;C:\WINDOWS\System32\WindowsPowerShell\v1.0\;C:\WINDOWS\System32\OpenSSH\;C:\Program Files\Git\cmd;C:\ProgramData\chocolatey\bin;;C:\Program Files\Docker\Docker\resources\bin;C:\ProgramData\DockerDesktop\version-bin;C:\Users\Mykola_Kinkolykh\AppData\Local\Microsoft\WindowsApps;C:\Program Files\JetBrains\IntelliJ IDEA Community Edition 2020.2.3\bin;;C:\Program Files\Java\jdk1.8.0_271\bin;C:\apache-maven-3.6.3\bin;;."/>
    <property name="java.vm.info" value="mixed mode"/>
    <property name="java.vendor" value="Oracle Corporation"/>
    <property name="java.vm.version" value="25.271-b09"/>
    <property name="java.ext.dirs" value="C:\Program Files\Java\jdk1.8.0_271\jre\lib\ext;C:\WINDOWS\Sun\Java\lib\ext"/>
    <property name="sun.io.unicode.encoding" value="UnicodeLittle"/>
    <property name="java.class.version" value="52.0"/>
  </properties>
  <testcase name="Proceed to checkout, final review and place order as guest user - Scenario 1" classname="Desktop Checkout for Guest User - Feature 1 #1" time="93.394">
    <system-out><![CDATA[
@Runme
Scenario: Proceed to checkout, final review and place order as guest user - Scenario 1 &amp#27;[90m# src/test/resources/features/DesktopCheckoutForGuestUser1.feature:7&amp#27;[0m
  &amp#27;[32mGiven &amp#27;[0m&amp#27;[32mI open the &amp#27;[0m&amp#27;[32m&amp#27;[1m"Initial home page"&amp#27;[0m                                                 &amp#27;[90m# stepDefs.NavigationSteps.iOpenThe(java.lang.String)&amp#27;[0m
  &amp#27;[32mAnd &amp#27;[0m&amp#27;[32mI am an anonymous customer with clear cookies&amp#27;[0m                                    &amp#27;[90m# stepDefs.MyStepdefs.iAmAnAnonymousCustomerWithClearCookies()&amp#27;[0m
  &amp#27;[32mAnd &amp#27;[0m&amp#27;[32mI search for &amp#27;[0m&amp#27;[32m&amp#27;[1m"Thinking in Java"&amp#27;[0m                                                  &amp#27;[90m# stepDefs.SearchSteps.iSearchFor(java.lang.String)&amp#27;[0m
  &amp#27;[32mAnd &amp#27;[0m&amp#27;[32mI am redirected to a &amp#27;[0m&amp#27;[32m&amp#27;[1m"Search page"&amp#27;[0m                                               &amp#27;[90m# stepDefs.NavigationSteps.iAmRedirectedToA(java.lang.String)&amp#27;[0m
  &amp#27;[32mAnd &amp#27;[0m&amp#27;[32mSearch results contain the following products&amp#27;[0m                                    &amp#27;[90m# stepDefs.SearchSteps.searchResultsContainTheFollowingProducts(java.util.List<java.lang.String>)&amp#27;[0m
  &amp#27;[32mAnd &amp#27;[0m&amp#27;[32mI apply the following search filters:&amp#27;[0m                                            &amp#27;[90m# stepDefs.SearchSteps.iApplyTheFollowingSearchFilters(dto.FilterDto)&amp#27;[0m
  &amp#27;[32mAnd &amp#27;[0m&amp#27;[32mSearch results contain only the following products&amp#27;[0m                               &amp#27;[90m# stepDefs.SearchSteps.searchResultsContainOnlyTheFollowingProducts(java.util.List<java.lang.String>)&amp#27;[0m
  &amp#27;[32mAnd &amp#27;[0m&amp#27;[32mI click 'Add to basket' button for product with name &amp#27;[0m&amp#27;[32m&amp#27;[1m"Thinking in Java"&amp#27;[0m          &amp#27;[90m# stepDefs.SearchSteps.iClickAddToBasketButtonForProductWithName(java.lang.String)&amp#27;[0m
  &amp#27;[32mAnd &amp#27;[0m&amp#27;[32mI select &amp#27;[0m&amp#27;[32m&amp#27;[1m'Basket / Checkout'&amp#27;[0m&amp#27;[32m in basket pop-up&amp#27;[0m                                    &amp#27;[90m# stepDefs.BasketPopUpSteps.iSelectBasketCheckoutInBasketPopUp(java.lang.String)&amp#27;[0m
  &amp#27;[32mAnd &amp#27;[0m&amp#27;[32mI am redirected to a &amp#27;[0m&amp#27;[32m&amp#27;[1m"Basket page"&amp#27;[0m                                               &amp#27;[90m# stepDefs.NavigationSteps.iAmRedirectedToA(java.lang.String)&amp#27;[0m
  &amp#27;[32mAnd &amp#27;[0m&amp#27;[32mBasket order summary is as following:&amp#27;[0m                                            &amp#27;[90m# stepDefs.BasketSteps.basketOrderSummaryIsAsFollowing(dto.BasketSummaryDto)&amp#27;[0m
  &amp#27;[32mAnd &amp#27;[0m&amp#27;[32mI click 'Checkout' button on 'Basket' page&amp#27;[0m                                       &amp#27;[90m# stepDefs.BasketSteps.iClickCheckoutButtonOnBasketPage()&amp#27;[0m
  &amp#27;[32mAnd &amp#27;[0m&amp#27;[32mI checkout as a new customer with email &amp#27;[0m&amp#27;[32m&amp#27;[1m"test@user.com"&amp#27;[0m                          &amp#27;[90m# stepDefs.CheckoutSteps.iCheckoutAsANewCustomerWithEmail(java.lang.String)&amp#27;[0m
  &amp#27;[32mAnd &amp#27;[0m&amp#27;[32mCheckout order summary is as following:&amp#27;[0m                                          &amp#27;[90m# stepDefs.CheckoutSteps.checkoutOrderSummaryIsAsFollowing(dto.MiniBasketDto)&amp#27;[0m
  &amp#27;[32mAnd &amp#27;[0m&amp#27;[32mI fill delivery address information manually:&amp#27;[0m                                    &amp#27;[90m# stepDefs.CheckoutSteps.iFillDeliveryAddressInformationManually(dto.DeliveryAddressDto)&amp#27;[0m
  &amp#27;[32mAnd &amp#27;[0m&amp#27;[32m'Payment' section is disabled for editing&amp#27;[0m                                        &amp#27;[90m# stepDefs.CheckoutSteps.paymentSectionIsDisabledForEditing()&amp#27;[0m
  &amp#27;[32mWhen &amp#27;[0m&amp#27;[32mI press 'Continue to payment' button on checkout&amp#27;[0m                                &amp#27;[90m# stepDefs.CheckoutSteps.iPressContinueToPaymentButtonOnCheckout()&amp#27;[0m
  &amp#27;[32mAnd &amp#27;[0m&amp#27;[32m'Delivery Address' and 'Billing Address' sections are disabled for editing&amp#27;[0m       &amp#27;[90m# stepDefs.CheckoutSteps.deliveryAddressAndBillingAddressSectionsAreDisabledForEditing()&amp#27;[0m
  &amp#27;[32mAnd &amp#27;[0m&amp#27;[32mI enter my card details&amp#27;[0m                                                          &amp#27;[90m# stepDefs.CheckoutSteps.iEnterMyCardDetails(dto.CardDerailsDto)&amp#27;[0m
]]></system-out>
    <system-err><![CDATA[SLF4J: Failed to load class "org.slf4j.impl.StaticLoggerBinder".
SLF4J: Defaulting to no-operation (NOP) logger implementation
SLF4J: See http://www.slf4j.org/codes.html#StaticLoggerBinder for further details.
Starting ChromeDriver 88.0.4324.96 (68dba2d8a0b149a1d3afac56fa74648032bcf46b-refs/branch-heads/4324@{#1784}) on port 13568
Only local connections are allowed.
Please see https://chromedriver.chromium.org/security-considerations for suggestions on keeping ChromeDriver safe.
ChromeDriver was started successfully.
Feb 05, 2021 8:21:37 AM org.openqa.selenium.remote.ProtocolHandshake createSession
INFO: Detected dialect: W3C
]]></system-err>
  </testcase>
</testsuite>